2020-05-13 11:02:45,965 - read_files - INFO - Program started
2020-05-13 11:02:45,965 - read_files - INFO - Open file
2020-05-13 11:02:45,965 - read_files - INFO - Open file
2020-05-13 11:02:46,033 - read_files - INFO - .fb2-file is found
2020-05-13 11:02:46,033 - read_files - INFO - .fb2-file is found
2020-05-13 11:02:46,033 - read_files - INFO - .fb2-file is found
2020-05-13 11:02:46,033 - read_files - INFO - Work with text
2020-05-13 11:02:46,033 - read_files - INFO - Work with text
2020-05-13 11:02:46,033 - read_files - INFO - Work with text
2020-05-13 11:02:46,033 - read_files - INFO - Work with text
2020-05-13 11:04:42,178 - read_files - INFO - Connection to DB
2020-05-13 11:04:42,178 - read_files - INFO - Connection to DB
2020-05-13 11:04:42,178 - read_files - INFO - Connection to DB
2020-05-13 11:04:42,178 - read_files - INFO - Connection to DB
2020-05-13 11:04:42,178 - read_files - INFO - Connection to DB
2020-05-13 11:04:42,186 - read_files - INFO - Create Example_info
2020-05-13 11:04:42,186 - read_files - INFO - Create Example_info
2020-05-13 11:04:42,186 - read_files - INFO - Create Example_info
2020-05-13 11:04:42,186 - read_files - INFO - Create Example_info
2020-05-13 11:04:42,186 - read_files - INFO - Create Example_info
2020-05-13 11:04:42,186 - read_files - INFO - Create Example_info
2020-05-13 11:04:42,202 - read_files - INFO - Insert data into Example_info
2020-05-13 11:04:42,202 - read_files - INFO - Insert data into Example_info
2020-05-13 11:04:42,202 - read_files - INFO - Insert data into Example_info
2020-05-13 11:04:42,202 - read_files - INFO - Insert data into Example_info
2020-05-13 11:04:42,202 - read_files - INFO - Insert data into Example_info
2020-05-13 11:04:42,202 - read_files - INFO - Insert data into Example_info
2020-05-13 11:04:42,202 - read_files - INFO - Insert data into Example_info
2020-05-13 11:04:42,312 - read_files - INFO - Done!
2020-05-13 11:04:42,312 - read_files - INFO - Done!
2020-05-13 11:04:42,312 - read_files - INFO - Done!
2020-05-13 11:04:42,312 - read_files - INFO - Done!
2020-05-13 11:04:42,312 - read_files - INFO - Done!
2020-05-13 11:04:42,312 - read_files - INFO - Done!
2020-05-13 11:04:42,312 - read_files - INFO - Done!
2020-05-13 11:04:42,312 - read_files - INFO - Done!
2020-05-13 14:46:52,973 - read_files - INFO - Program started
2020-05-13 14:46:52,973 - read_files - INFO - Open file
2020-05-13 14:46:52,973 - read_files - INFO - Open file
2020-05-13 14:46:53,022 - read_files - INFO - .fb2-file is found
2020-05-13 14:46:53,022 - read_files - INFO - .fb2-file is found
2020-05-13 14:46:53,022 - read_files - INFO - .fb2-file is found
2020-05-13 14:46:53,022 - read_files - INFO - Work with text
2020-05-13 14:46:53,022 - read_files - INFO - Work with text
2020-05-13 14:46:53,022 - read_files - INFO - Work with text
2020-05-13 14:46:53,022 - read_files - INFO - Work with text
2020-05-13 14:48:50,992 - read_files - INFO - Connection to DB
2020-05-13 14:48:50,992 - read_files - INFO - Connection to DB
2020-05-13 14:48:50,992 - read_files - INFO - Connection to DB
2020-05-13 14:48:50,992 - read_files - INFO - Connection to DB
2020-05-13 14:48:50,992 - read_files - INFO - Connection to DB
2020-05-13 14:48:50,992 - read_files - INFO - Create Example_info
2020-05-13 14:48:50,992 - read_files - INFO - Create Example_info
2020-05-13 14:48:50,992 - read_files - INFO - Create Example_info
2020-05-13 14:48:50,992 - read_files - INFO - Create Example_info
2020-05-13 14:48:50,992 - read_files - INFO - Create Example_info
2020-05-13 14:48:50,992 - read_files - INFO - Create Example_info
2020-05-13 14:48:51,011 - read_files - INFO - Insert data into Example_info
2020-05-13 14:48:51,011 - read_files - INFO - Insert data into Example_info
2020-05-13 14:48:51,011 - read_files - INFO - Insert data into Example_info
2020-05-13 14:48:51,011 - read_files - INFO - Insert data into Example_info
2020-05-13 14:48:51,011 - read_files - INFO - Insert data into Example_info
2020-05-13 14:48:51,011 - read_files - INFO - Insert data into Example_info
2020-05-13 14:48:51,011 - read_files - INFO - Insert data into Example_info
2020-05-13 14:48:51,112 - read_files - INFO - Done!
2020-05-13 14:48:51,112 - read_files - INFO - Done!
2020-05-13 14:48:51,112 - read_files - INFO - Done!
2020-05-13 14:48:51,112 - read_files - INFO - Done!
2020-05-13 14:48:51,112 - read_files - INFO - Done!
2020-05-13 14:48:51,112 - read_files - INFO - Done!
2020-05-13 14:48:51,112 - read_files - INFO - Done!
2020-05-13 14:48:51,112 - read_files - INFO - Done!
2020-05-14 17:01:14,633 - read_files - INFO - Program started
2020-05-14 17:01:14,645 - read_files - INFO - .fb2-file is found
2020-05-14 17:01:14,645 - read_files - INFO - .fb2-file is found
2020-05-14 17:01:14,645 - read_files - INFO - Work with text
2020-05-14 17:01:14,645 - read_files - INFO - Work with text
2020-05-14 17:01:14,645 - read_files - INFO - Work with text
2020-05-14 17:09:28,890 - read_files - INFO - Program started
2020-05-14 17:09:28,890 - read_files - INFO - Done!
2020-05-14 17:09:28,890 - read_files - INFO - Done!
2020-05-14 17:10:05,757 - read_files - INFO - Program started
2020-05-14 17:10:05,768 - read_files - INFO - Structure of file is incorrect
2020-05-14 17:10:05,768 - read_files - INFO - Structure of file is incorrect
2020-05-14 17:10:05,769 - read_files - INFO - Work with text
2020-05-14 17:10:05,769 - read_files - INFO - Work with text
2020-05-14 17:10:05,769 - read_files - INFO - Work with text
2020-05-14 17:10:32,181 - read_files - INFO - Connection to DB
2020-05-14 17:10:32,181 - read_files - INFO - Connection to DB
2020-05-14 17:10:32,181 - read_files - INFO - Connection to DB
2020-05-14 17:10:32,181 - read_files - INFO - Connection to DB
2020-05-14 17:10:32,181 - read_files - INFO - Create Example_info
2020-05-14 17:10:32,181 - read_files - INFO - Create Example_info
2020-05-14 17:10:32,181 - read_files - INFO - Create Example_info
2020-05-14 17:10:32,181 - read_files - INFO - Create Example_info
2020-05-14 17:10:32,181 - read_files - INFO - Create Example_info
2020-05-14 17:10:32,198 - read_files - INFO - Insert data into Example_info
2020-05-14 17:10:32,198 - read_files - INFO - Insert data into Example_info
2020-05-14 17:10:32,198 - read_files - INFO - Insert data into Example_info
2020-05-14 17:10:32,198 - read_files - INFO - Insert data into Example_info
2020-05-14 17:10:32,198 - read_files - INFO - Insert data into Example_info
2020-05-14 17:10:32,198 - read_files - INFO - Insert data into Example_info
2020-05-14 17:10:32,256 - read_files - INFO - Done!
2020-05-14 17:10:32,256 - read_files - INFO - Done!
2020-05-14 17:10:32,256 - read_files - INFO - Done!
2020-05-14 17:10:32,256 - read_files - INFO - Done!
2020-05-14 17:10:32,256 - read_files - INFO - Done!
2020-05-14 17:10:32,256 - read_files - INFO - Done!
2020-05-14 17:10:32,256 - read_files - INFO - Done!
2020-05-14 17:12:22,426 - read_files - INFO - Program started
2020-05-14 17:12:22,426 - read_files - INFO - Open file
2020-05-14 17:12:22,426 - read_files - INFO - Open file
2020-05-14 17:12:22,472 - read_files - INFO - .fb2-file is found
2020-05-14 17:12:22,472 - read_files - INFO - .fb2-file is found
2020-05-14 17:12:22,472 - read_files - INFO - .fb2-file is found
2020-05-14 17:12:22,472 - read_files - INFO - Work with text
2020-05-14 17:12:22,472 - read_files - INFO - Work with text
2020-05-14 17:12:22,472 - read_files - INFO - Work with text
2020-05-14 17:12:22,472 - read_files - INFO - Work with text
2020-05-14 17:14:22,836 - read_files - INFO - Connection to DB
2020-05-14 17:14:22,836 - read_files - INFO - Connection to DB
2020-05-14 17:14:22,836 - read_files - INFO - Connection to DB
2020-05-14 17:14:22,836 - read_files - INFO - Connection to DB
2020-05-14 17:14:22,836 - read_files - INFO - Connection to DB
2020-05-14 17:14:22,836 - read_files - INFO - Create Example_info
2020-05-14 17:14:22,836 - read_files - INFO - Create Example_info
2020-05-14 17:14:22,836 - read_files - INFO - Create Example_info
2020-05-14 17:14:22,836 - read_files - INFO - Create Example_info
2020-05-14 17:14:22,836 - read_files - INFO - Create Example_info
2020-05-14 17:14:22,836 - read_files - INFO - Create Example_info
2020-05-14 17:14:22,847 - read_files - INFO - Insert data into Example_info
2020-05-14 17:14:22,847 - read_files - INFO - Insert data into Example_info
2020-05-14 17:14:22,847 - read_files - INFO - Insert data into Example_info
2020-05-14 17:14:22,847 - read_files - INFO - Insert data into Example_info
2020-05-14 17:14:22,847 - read_files - INFO - Insert data into Example_info
2020-05-14 17:14:22,847 - read_files - INFO - Insert data into Example_info
2020-05-14 17:14:22,847 - read_files - INFO - Insert data into Example_info
2020-05-14 17:14:22,943 - read_files - INFO - Done!
2020-05-14 17:14:22,943 - read_files - INFO - Done!
2020-05-14 17:14:22,943 - read_files - INFO - Done!
2020-05-14 17:14:22,943 - read_files - INFO - Done!
2020-05-14 17:14:22,943 - read_files - INFO - Done!
2020-05-14 17:14:22,943 - read_files - INFO - Done!
2020-05-14 17:14:22,943 - read_files - INFO - Done!
2020-05-14 17:14:22,943 - read_files - INFO - Done!
2020-05-14 18:43:19,384 - read_files - INFO - Program started
2020-05-14 18:43:19,384 - read_files - INFO - Open file
2020-05-14 18:43:19,384 - read_files - INFO - Open file
2020-05-14 18:43:19,384 - read_files - INFO - Done!
2020-05-14 18:43:19,384 - read_files - INFO - Done!
2020-05-14 18:43:19,384 - read_files - INFO - Done!
2020-05-14 18:43:37,041 - read_files - INFO - Program started
2020-05-14 18:43:37,041 - read_files - INFO - Open file
2020-05-14 18:43:37,041 - read_files - INFO - Open file
2020-05-14 22:03:04,122 - read_files - INFO - Program started
2020-05-14 22:03:04,123 - read_files - INFO - Open file
2020-05-14 22:03:04,123 - read_files - INFO - Open file
2020-05-14 22:04:50,208 - read_files - INFO - Program started
2020-05-14 22:04:50,208 - read_files - INFO - Open file
2020-05-14 22:04:50,208 - read_files - INFO - Open file
2020-05-14 22:05:14,058 - read_files - INFO - Program started
2020-05-14 22:05:14,058 - read_files - INFO - Open file
2020-05-14 22:05:14,058 - read_files - INFO - Open file
2020-05-14 22:05:14,109 - read_files - INFO - .fb2-file is found
2020-05-14 22:05:14,109 - read_files - INFO - .fb2-file is found
2020-05-14 22:05:14,109 - read_files - INFO - .fb2-file is found
2020-05-14 22:05:14,109 - read_files - INFO - Work with text
2020-05-14 22:05:14,109 - read_files - INFO - Work with text
2020-05-14 22:05:14,109 - read_files - INFO - Work with text
2020-05-14 22:05:14,109 - read_files - INFO - Work with text
2020-05-14 22:07:15,064 - read_files - INFO - Connection to DB
2020-05-14 22:07:15,064 - read_files - INFO - Connection to DB
2020-05-14 22:07:15,064 - read_files - INFO - Connection to DB
2020-05-14 22:07:15,064 - read_files - INFO - Connection to DB
2020-05-14 22:07:15,064 - read_files - INFO - Connection to DB
2020-05-14 22:07:15,065 - read_files - INFO - Create Example_info
2020-05-14 22:07:15,065 - read_files - INFO - Create Example_info
2020-05-14 22:07:15,065 - read_files - INFO - Create Example_info
2020-05-14 22:07:15,065 - read_files - INFO - Create Example_info
2020-05-14 22:07:15,065 - read_files - INFO - Create Example_info
2020-05-14 22:07:15,065 - read_files - INFO - Create Example_info
2020-05-14 22:07:15,079 - read_files - INFO - Insert data into Example_info
2020-05-14 22:07:15,079 - read_files - INFO - Insert data into Example_info
2020-05-14 22:07:15,079 - read_files - INFO - Insert data into Example_info
2020-05-14 22:07:15,079 - read_files - INFO - Insert data into Example_info
2020-05-14 22:07:15,079 - read_files - INFO - Insert data into Example_info
2020-05-14 22:07:15,079 - read_files - INFO - Insert data into Example_info
2020-05-14 22:07:15,079 - read_files - INFO - Insert data into Example_info
2020-05-14 22:07:15,185 - read_files - INFO - Done!
2020-05-14 22:07:15,185 - read_files - INFO - Done!
2020-05-14 22:07:15,185 - read_files - INFO - Done!
2020-05-14 22:07:15,185 - read_files - INFO - Done!
2020-05-14 22:07:15,185 - read_files - INFO - Done!
2020-05-14 22:07:15,185 - read_files - INFO - Done!
2020-05-14 22:07:15,185 - read_files - INFO - Done!
2020-05-14 22:07:15,185 - read_files - INFO - Done!
2020-05-14 23:56:35,674 - read_files - INFO - Program started
2020-05-14 23:56:35,675 - read_files - INFO - Open file
2020-05-14 23:56:35,675 - read_files - INFO - Open file
2020-05-14 23:58:46,314 - read_files - INFO - Program started
2020-05-14 23:58:46,315 - read_files - INFO - Open file
2020-05-14 23:58:46,315 - read_files - INFO - Open file
2020-05-14 23:58:46,315 - read_files - INFO - Done!
2020-05-14 23:58:46,315 - read_files - INFO - Done!
2020-05-14 23:58:46,315 - read_files - INFO - Done!
2020-05-14 23:59:06,535 - read_files - INFO - Program started
2020-05-14 23:59:06,535 - read_files - INFO - Open file
2020-05-14 23:59:06,535 - read_files - INFO - Open file
2020-05-14 23:59:06,877 - read_files - INFO - .fb2-file is found
2020-05-14 23:59:06,877 - read_files - INFO - .fb2-file is found
2020-05-14 23:59:06,877 - read_files - INFO - .fb2-file is found
2020-05-14 23:59:06,877 - read_files - INFO - Work with text
2020-05-14 23:59:06,877 - read_files - INFO - Work with text
2020-05-14 23:59:06,877 - read_files - INFO - Work with text
2020-05-14 23:59:06,877 - read_files - INFO - Work with text
2020-05-15 00:01:00,631 - read_files - INFO - Connection to DB
2020-05-15 00:01:00,631 - read_files - INFO - Connection to DB
2020-05-15 00:01:00,631 - read_files - INFO - Connection to DB
2020-05-15 00:01:00,631 - read_files - INFO - Connection to DB
2020-05-15 00:01:00,631 - read_files - INFO - Connection to DB
2020-05-15 00:01:00,632 - read_files - INFO - Create Example_info
2020-05-15 00:01:00,632 - read_files - INFO - Create Example_info
2020-05-15 00:01:00,632 - read_files - INFO - Create Example_info
2020-05-15 00:01:00,632 - read_files - INFO - Create Example_info
2020-05-15 00:01:00,632 - read_files - INFO - Create Example_info
2020-05-15 00:01:00,632 - read_files - INFO - Create Example_info
2020-05-15 00:01:00,678 - read_files - INFO - Insert data into Example_info
2020-05-15 00:01:00,678 - read_files - INFO - Insert data into Example_info
2020-05-15 00:01:00,678 - read_files - INFO - Insert data into Example_info
2020-05-15 00:01:00,678 - read_files - INFO - Insert data into Example_info
2020-05-15 00:01:00,678 - read_files - INFO - Insert data into Example_info
2020-05-15 00:01:00,678 - read_files - INFO - Insert data into Example_info
2020-05-15 00:01:00,678 - read_files - INFO - Insert data into Example_info
2020-05-15 00:01:00,785 - read_files - INFO - Done!
2020-05-15 00:01:00,785 - read_files - INFO - Done!
2020-05-15 00:01:00,785 - read_files - INFO - Done!
2020-05-15 00:01:00,785 - read_files - INFO - Done!
2020-05-15 00:01:00,785 - read_files - INFO - Done!
2020-05-15 00:01:00,785 - read_files - INFO - Done!
2020-05-15 00:01:00,785 - read_files - INFO - Done!
2020-05-15 00:01:00,785 - read_files - INFO - Done!
2020-05-15 00:54:17,291 - read_files - INFO - Program started
2020-05-15 00:54:17,291 - read_files - INFO - Open file
2020-05-15 00:54:17,291 - read_files - INFO - Open file
2020-05-15 00:54:17,669 - read_files - INFO - .fb2-file is found
2020-05-15 00:54:17,669 - read_files - INFO - .fb2-file is found
2020-05-15 00:54:17,669 - read_files - INFO - .fb2-file is found
2020-05-15 00:54:17,669 - read_files - INFO - Work with text
2020-05-15 00:54:17,669 - read_files - INFO - Work with text
2020-05-15 00:54:17,669 - read_files - INFO - Work with text
2020-05-15 00:54:17,669 - read_files - INFO - Work with text
2020-05-15 00:56:08,447 - read_files - INFO - Connection to DB
2020-05-15 00:56:08,447 - read_files - INFO - Connection to DB
2020-05-15 00:56:08,447 - read_files - INFO - Connection to DB
2020-05-15 00:56:08,447 - read_files - INFO - Connection to DB
2020-05-15 00:56:08,447 - read_files - INFO - Connection to DB
2020-05-15 00:56:08,448 - read_files - INFO - Create Example_info
2020-05-15 00:56:08,448 - read_files - INFO - Create Example_info
2020-05-15 00:56:08,448 - read_files - INFO - Create Example_info
2020-05-15 00:56:08,448 - read_files - INFO - Create Example_info
2020-05-15 00:56:08,448 - read_files - INFO - Create Example_info
2020-05-15 00:56:08,448 - read_files - INFO - Create Example_info
2020-05-15 00:56:08,473 - read_files - INFO - Insert data into Example_info
2020-05-15 00:56:08,473 - read_files - INFO - Insert data into Example_info
2020-05-15 00:56:08,473 - read_files - INFO - Insert data into Example_info
2020-05-15 00:56:08,473 - read_files - INFO - Insert data into Example_info
2020-05-15 00:56:08,473 - read_files - INFO - Insert data into Example_info
2020-05-15 00:56:08,473 - read_files - INFO - Insert data into Example_info
2020-05-15 00:56:08,473 - read_files - INFO - Insert data into Example_info
2020-05-15 00:56:08,564 - read_files - INFO - Done!
2020-05-15 00:56:08,564 - read_files - INFO - Done!
2020-05-15 00:56:08,564 - read_files - INFO - Done!
2020-05-15 00:56:08,564 - read_files - INFO - Done!
2020-05-15 00:56:08,564 - read_files - INFO - Done!
2020-05-15 00:56:08,564 - read_files - INFO - Done!
2020-05-15 00:56:08,564 - read_files - INFO - Done!
2020-05-15 00:56:08,564 - read_files - INFO - Done!
2020-05-15 02:03:00,220 - read_files - INFO - Program started
2020-05-15 02:03:00,220 - read_files - INFO - Open file
2020-05-15 02:03:00,220 - read_files - INFO - Open file
2020-05-15 02:03:00,621 - read_files - INFO - .fb2-file is found
2020-05-15 02:03:00,621 - read_files - INFO - .fb2-file is found
2020-05-15 02:03:00,621 - read_files - INFO - .fb2-file is found
2020-05-15 02:03:00,621 - read_files - INFO - Work with text
2020-05-15 02:03:00,621 - read_files - INFO - Work with text
2020-05-15 02:03:00,621 - read_files - INFO - Work with text
2020-05-15 02:03:00,621 - read_files - INFO - Work with text
2020-05-15 02:04:53,266 - read_files - INFO - Connection to DB
2020-05-15 02:04:53,266 - read_files - INFO - Connection to DB
2020-05-15 02:04:53,266 - read_files - INFO - Connection to DB
2020-05-15 02:04:53,266 - read_files - INFO - Connection to DB
2020-05-15 02:04:53,266 - read_files - INFO - Connection to DB
2020-05-15 02:04:53,267 - read_files - INFO - Create Example_info
2020-05-15 02:04:53,267 - read_files - INFO - Create Example_info
2020-05-15 02:04:53,267 - read_files - INFO - Create Example_info
2020-05-15 02:04:53,267 - read_files - INFO - Create Example_info
2020-05-15 02:04:53,267 - read_files - INFO - Create Example_info
2020-05-15 02:04:53,267 - read_files - INFO - Create Example_info
2020-05-15 02:04:53,289 - read_files - INFO - Insert data into Example_info
2020-05-15 02:04:53,289 - read_files - INFO - Insert data into Example_info
2020-05-15 02:04:53,289 - read_files - INFO - Insert data into Example_info
2020-05-15 02:04:53,289 - read_files - INFO - Insert data into Example_info
2020-05-15 02:04:53,289 - read_files - INFO - Insert data into Example_info
2020-05-15 02:04:53,289 - read_files - INFO - Insert data into Example_info
2020-05-15 02:04:53,289 - read_files - INFO - Insert data into Example_info
2020-05-15 02:04:53,416 - read_files - INFO - Done!
2020-05-15 02:04:53,416 - read_files - INFO - Done!
2020-05-15 02:04:53,416 - read_files - INFO - Done!
2020-05-15 02:04:53,416 - read_files - INFO - Done!
2020-05-15 02:04:53,416 - read_files - INFO - Done!
2020-05-15 02:04:53,416 - read_files - INFO - Done!
2020-05-15 02:04:53,416 - read_files - INFO - Done!
2020-05-15 02:04:53,416 - read_files - INFO - Done!
2020-05-15 02:13:50,868 - read_files - INFO - Program started
2020-05-15 02:13:50,868 - read_files - INFO - Open file
2020-05-15 02:13:50,868 - read_files - INFO - Open file
2020-05-15 02:13:51,267 - read_files - INFO - .fb2-file is found
2020-05-15 02:13:51,267 - read_files - INFO - .fb2-file is found
2020-05-15 02:13:51,267 - read_files - INFO - .fb2-file is found
2020-05-15 02:13:51,267 - read_files - INFO - Work with text
2020-05-15 02:13:51,267 - read_files - INFO - Work with text
2020-05-15 02:13:51,267 - read_files - INFO - Work with text
2020-05-15 02:13:51,267 - read_files - INFO - Work with text
2020-05-15 02:15:45,895 - read_files - INFO - Connection to DB
2020-05-15 02:15:45,895 - read_files - INFO - Connection to DB
2020-05-15 02:15:45,895 - read_files - INFO - Connection to DB
2020-05-15 02:15:45,895 - read_files - INFO - Connection to DB
2020-05-15 02:15:45,895 - read_files - INFO - Connection to DB
2020-05-15 02:15:45,896 - read_files - INFO - Create Example_info
2020-05-15 02:15:45,896 - read_files - INFO - Create Example_info
2020-05-15 02:15:45,896 - read_files - INFO - Create Example_info
2020-05-15 02:15:45,896 - read_files - INFO - Create Example_info
2020-05-15 02:15:45,896 - read_files - INFO - Create Example_info
2020-05-15 02:15:45,896 - read_files - INFO - Create Example_info
2020-05-15 02:15:45,911 - read_files - INFO - Insert data into Example_info
2020-05-15 02:15:45,911 - read_files - INFO - Insert data into Example_info
2020-05-15 02:15:45,911 - read_files - INFO - Insert data into Example_info
2020-05-15 02:15:45,911 - read_files - INFO - Insert data into Example_info
2020-05-15 02:15:45,911 - read_files - INFO - Insert data into Example_info
2020-05-15 02:15:45,911 - read_files - INFO - Insert data into Example_info
2020-05-15 02:15:45,911 - read_files - INFO - Insert data into Example_info
2020-05-15 02:15:46,003 - read_files - INFO - Done!
2020-05-15 02:15:46,003 - read_files - INFO - Done!
2020-05-15 02:15:46,003 - read_files - INFO - Done!
2020-05-15 02:15:46,003 - read_files - INFO - Done!
2020-05-15 02:15:46,003 - read_files - INFO - Done!
2020-05-15 02:15:46,003 - read_files - INFO - Done!
2020-05-15 02:15:46,003 - read_files - INFO - Done!
2020-05-15 02:15:46,003 - read_files - INFO - Done!
